make[2]: Warning: File 'CMakeFiles/movement_node.dir/depend.make' has modification time 164 s in the future
make[2]: warning:  Clock skew detected.  Your build may be incomplete.
make[2]: Warning: File 'CMakeFiles/movement_node.dir/depend.make' has modification time 164 s in the future
make[2]: warning:  Clock skew detected.  Your build may be incomplete.
make[2]: Warning: File 'CMakeFiles/test_node.dir/depend.make' has modification time 164 s in the future
make[2]: warning:  Clock skew detected.  Your build may be incomplete.
make[2]: Warning: File 'CMakeFiles/test_node.dir/depend.make' has modification time 164 s in the future
make[2]: warning:  Clock skew detected.  Your build may be incomplete.
make[2]: Warning: File '/home/pi/catkin_ws/src/vmxpi_ros/vmxpi_ros_bringup/src/TESTING.cpp' has modification time 150 s in the future
In file included from [01m[K/usr/include/boost/function/detail/maybe_include.hpp:22[m[K,
                 from [01m[K/usr/include/boost/function/detail/function_iterate.hpp:14[m[K,
                 from [01m[K/usr/include/boost/preprocessor/iteration/detail/iter/forward1.hpp:52[m[K,
                 from [01m[K/usr/include/boost/function.hpp:70[m[K,
                 from [01m[K/opt/ros/noetic/include/ros/forwards.h:40[m[K,
                 from [01m[K/opt/ros/noetic/include/ros/common.h:37[m[K,
                 from [01m[K/opt/ros/noetic/include/ros/ros.h:43[m[K,
                 from [01m[K/home/pi/catkin_ws/src/vmxpi_ros/vmxpi_ros_bringup/src/MoveArm.cpp:1[m[K:
/usr/include/boost/function/function_template.hpp: In instantiation of â€˜[01m[Kstatic void boost::detail::function::void_function_invoker1<FunctionPtr, R, T0>::invoke(boost::detail::function::function_buffer&, T0) [with FunctionPtr = void (*)(const boost::shared_ptr<const std_msgs::Int32_<std::allocator<void> > >&); R = void; T0 = const boost::shared_ptr<const std_msgs::Float32_<std::allocator<void> > >&][m[Kâ€™:
[01m[K/usr/include/boost/function/function_template.hpp:934:38:[m[K   required from â€˜[01m[Kvoid boost::function1<R, T1>::assign_to(Functor) [with Functor = void (*)(const boost::shared_ptr<const std_msgs::Int32_<std::allocator<void> > >&); R = void; T0 = const boost::shared_ptr<const std_msgs::Float32_<std::allocator<void> > >&][m[Kâ€™
[01m[K/usr/include/boost/function/function_template.hpp:725:7:[m[K   required from â€˜[01m[Kboost::function1<R, T1>::function1(Functor, typename boost::enable_if_c<(! boost::is_integral<Functor>::value), int>::type) [with Functor = void (*)(const boost::shared_ptr<const std_msgs::Int32_<std::allocator<void> > >&); R = void; T0 = const boost::shared_ptr<const std_msgs::Float32_<std::allocator<void> > >&; typename boost::enable_if_c<(! boost::is_integral<Functor>::value), int>::type = int][m[Kâ€™
[01m[K/usr/include/boost/function/function_template.hpp:1070:16:[m[K   required from â€˜[01m[Kboost::function<R(T0)>::function(Functor, typename boost::enable_if_c<(! boost::is_integral<Functor>::value), int>::type) [with Functor = void (*)(const boost::shared_ptr<const std_msgs::Int32_<std::allocator<void> > >&); R = void; T0 = const boost::shared_ptr<const std_msgs::Float32_<std::allocator<void> > >&; typename boost::enable_if_c<(! boost::is_integral<Functor>::value), int>::type = int][m[Kâ€™
[01m[K/home/pi/catkin_ws/src/vmxpi_ros/vmxpi_ros_bringup/src/MoveArm.cpp:42:111:[m[K   required from here
[01m[K/usr/include/boost/function/function_template.hpp:118:11:[m[K [01;31m[Kerror: [m[Kinvalid initialization of reference of type â€˜[01m[Kconst boost::shared_ptr<const std_msgs::Int32_<std::allocator<void> > >&[m[Kâ€™ from expression of type â€˜[01m[Kconst boost::shared_ptr<const std_msgs::Float32_<std::allocator<void> > >[m[Kâ€™
           [01;31m[KBOOST_FUNCTION_RETURN[m[K(f(BOOST_FUNCTION_ARGS));
           [01;31m[K^~~~~~~~~~~~~~~~~~~~~[m[K
make[2]: *** [CMakeFiles/MoveArm.dir/build.make:63: CMakeFiles/MoveArm.dir/src/MoveArm.cpp.o] Error 1
make[1]: *** [CMakeFiles/Makefile2:754: CMakeFiles/MoveArm.dir/all] Error 2
make[1]: *** Waiting for unfinished jobs....
make[2]: warning:  Clock skew detected.  Your build may be incomplete.
make: *** [Makefile:141: all] Error 2
