[  4%] [34m[1mGenerating dynamic reconfigure files from cfg/motor_speed.cfg: /home/pi/catkin_ws/devel/.private/vmxpi_ros_bringup/include/vmxpi_ros_bringup/motor_speedConfig.h /home/pi/catkin_ws/devel/.private/vmxpi_ros_bringup/lib/python3/dist-packages/vmxpi_ros_bringup/cfg/motor_speedConfig.py[0m
Generating reconfiguration files for MotorSpeed in vmxpi_ros_bringup
Wrote header file in /home/pi/catkin_ws/devel/.private/vmxpi_ros_bringup/include/vmxpi_ros_bringup/MotorSpeedConfig.h
[  4%] Built target vmxpi_ros_bringup_gencfg
[ 13%] Built target JoystickInput
[ 21%] Built target TeleopOut
[ 26%] [32mBuilding CXX object CMakeFiles/movement_node.dir/src/movement_node.cpp.o[0m
[ 34%] Built target KeyboardInputs
[ 43%] Built target Teleopmovement
[ 52%] Built target main_node
[ 60%] Built target MoveArm
[35m[1mScanning dependencies of target Battery[0m
make[2]: *** No rule to make target '/home/pi/catkin_ws/src/vmxpi_ros/vmxpi_ros_bringup/src/Battery.cpp', needed by 'CMakeFiles/Battery.dir/src/Battery.cpp.o'.  Stop.
make[1]: *** [CMakeFiles/Makefile2:945: CMakeFiles/Battery.dir/all] Error 2
make[1]: *** Waiting for unfinished jobs....
[ 69%] Built target testarm
[ 73%] [32m[1mLinking CXX executable /home/pi/catkin_ws/devel/.private/vmxpi_ros_bringup/lib/vmxpi_ros_bringup/movement_node[0m
[ 73%] Built target movement_node
make: *** [Makefile:141: all] Error 2
